<!DOCTYPE html PUBLIC "-//W3C//DTD XHTML 1.1//EN" "http://www.w3.org/TR/xhtml11/DTD/xhtml11.dtd">
<html xmlns="http://www.w3.org/1999/xhtml">
<head>
<meta http-equiv="content-type" content="text/html; charset=UTF-8"/>
<title>TestNG Report</title>
<style type="text/css">table {margin-bottom:10px;border-collapse:collapse;empty-cells:show}th,td {border:1px solid #009;padding:.25em .5em}th {vertical-align:bottom}td {vertical-align:top}table a {font-weight:bold}.stripe td {background-color: #E6EBF9}.num {text-align:right}.passedodd td {background-color: #3F3}.passedeven td {background-color: #0A0}.skippedodd td {background-color: #DDD}.skippedeven td {background-color: #CCC}.failedodd td,.attn {background-color: #F33}.failedeven td,.stripe .attn {background-color: #D00}.stacktrace {white-space:pre;font-family:monospace}.totop {font-size:85%;text-align:center;border-bottom:2px solid #000}.invisible {display:none}</style>
</head>
<body>
<table>
<tr><th>Test</th><th># Passed</th><th># Skipped</th><th># Retried</th><th># Failed</th><th>Time (ms)</th><th>Included Groups</th><th>Excluded Groups</th></tr>
<tr><th colspan="8">BDD Test Suite</th></tr>
<tr><td><a href="#t0">Cucumber Tests</a></td><td class="num">4</td><td class="num">0</td><td class="num">0</td><td class="num attn">2</td><td class="num">65,682</td><td></td><td></td></tr>
</table>
<table id='summary'><thead><tr><th>Class</th><th>Method</th><th>Start</th><th>Time (ms)</th></tr></thead><tbody><tr><th colspan="4">BDD Test Suite</th></tr></tbody><tbody id="t0"><tr><th colspan="4">Cucumber Tests &#8212; failed</th></tr><tr class="failedeven"><td rowspan="2">com.browserstack.examples.tests.RunAppiumCucumberTests</td><td><a href="#m0">feature</a></td><td rowspan="2">1637312613132</td><td rowspan="2">34291</td></tr><tr class="failedeven"><td><a href="#m1">feature</a></td></tr><tr><th colspan="4">Cucumber Tests &#8212; passed</th></tr><tr class="passedeven"><td rowspan="4">com.browserstack.examples.tests.RunAppiumCucumberTests</td><td><a href="#m2">feature</a></td><td rowspan="4">1637312613132</td><td rowspan="4">32611</td></tr><tr class="passedeven"><td><a href="#m3">feature</a></td></tr><tr class="passedeven"><td><a href="#m4">feature</a></td></tr><tr class="passedeven"><td><a href="#m5">feature</a></td></tr></tbody>
</table>
<h2>Cucumber Tests</h2><h3 id="m0">com.browserstack.examples.tests.RunAppiumCucumberTests#feature</h3><table class="result"><tr class="param"><th>Parameter #1</th><th>Parameter #2</th><th>Parameter #3</th></tr><tr class="param stripe"><td>&quot;Enter text to be displayed on screen and fail scenario&quot;</td><td>&quot;Optional[BrowserStack Echo Fail Feature]&quot;</td><td>com.browserstack.webdriver.testng.ManagedWebDriver@65be55ec</td></tr><tr><th colspan="3">Exception</th></tr><tr><td colspan="3"><div class="stacktrace">java.lang.AssertionError: expected [This is not a BrowserStack Echo] but found [This is BrowserStack Echo]
	at com.browserstack.examples.stepdefs.EchoPageSteps.echoShouldSucceed(EchoPageSteps.java:29)
	at ✽.it should pass and show message as &quot;This is not a BrowserStack Echo&quot;(classpath:features/echoFail.feature:9)
... Removed 5 stack frames</div></td></tr></table><p class="totop"><a href="#summary">back to summary</a></p>
<h3 id="m1">com.browserstack.examples.tests.RunAppiumCucumberTests#feature</h3><table class="result"><tr class="param"><th>Parameter #1</th><th>Parameter #2</th><th>Parameter #3</th></tr><tr class="param stripe"><td>&quot;Enter text to be displayed on screen and fail scenario&quot;</td><td>&quot;Optional[BrowserStack Echo Fail Feature]&quot;</td><td>com.browserstack.webdriver.testng.ManagedWebDriver@17d1c144</td></tr><tr><th colspan="3">Exception</th></tr><tr><td colspan="3"><div class="stacktrace">java.lang.AssertionError: expected [This is not a BrowserStack Echo] but found [This is BrowserStack Echo]
	at com.browserstack.examples.stepdefs.EchoPageSteps.echoShouldSucceed(EchoPageSteps.java:29)
	at ✽.it should pass and show message as &quot;This is not a BrowserStack Echo&quot;(classpath:features/echoFail.feature:9)
... Removed 5 stack frames</div></td></tr></table><p class="totop"><a href="#summary">back to summary</a></p>
<h3 id="m2">com.browserstack.examples.tests.RunAppiumCucumberTests#feature</h3><table class="result"><tr class="param"><th>Parameter #1</th><th>Parameter #2</th><th>Parameter #3</th></tr><tr class="param stripe"><td>&quot;Enter text to be displayed&quot;</td><td>&quot;Optional[BrowserStack Echo Feature]&quot;</td><td>com.browserstack.webdriver.testng.ManagedWebDriver@3cc654a1</td></tr></table><p class="totop"><a href="#summary">back to summary</a></p>
<h3 id="m3">com.browserstack.examples.tests.RunAppiumCucumberTests#feature</h3><table class="result"><tr class="param"><th>Parameter #1</th><th>Parameter #2</th><th>Parameter #3</th></tr><tr class="param stripe"><td>&quot;Enter text to be displayed&quot;</td><td>&quot;Optional[BrowserStack Echo Feature]&quot;</td><td>com.browserstack.webdriver.testng.ManagedWebDriver@65cd8c0b</td></tr></table><p class="totop"><a href="#summary">back to summary</a></p>
<h3 id="m4">com.browserstack.examples.tests.RunAppiumCucumberTests#feature</h3><table class="result"><tr class="param"><th>Parameter #1</th><th>Parameter #2</th><th>Parameter #3</th></tr><tr class="param stripe"><td>&quot;Login with valid username and password&quot;</td><td>&quot;Optional[Login Feature]&quot;</td><td>com.browserstack.webdriver.testng.ManagedWebDriver@26bb2275</td></tr></table><p class="totop"><a href="#summary">back to summary</a></p>
<h3 id="m5">com.browserstack.examples.tests.RunAppiumCucumberTests#feature</h3><table class="result"><tr class="param"><th>Parameter #1</th><th>Parameter #2</th><th>Parameter #3</th></tr><tr class="param stripe"><td>&quot;Login with valid username and password&quot;</td><td>&quot;Optional[Login Feature]&quot;</td><td>com.browserstack.webdriver.testng.ManagedWebDriver@2a290c93</td></tr></table><p class="totop"><a href="#summary">back to summary</a></p>
</body>
</html>
