<?xml version="1.0" encoding="UTF-8"?>
<testsuite xmlns:xsi="http://www.w3.org/2001/XMLSchema-instance" xsi:noNamespaceSchemaLocation="https://maven.apache.org/surefire/maven-surefire-plugin/xsd/surefire-test-report-3.0.xsd" version="3.0" name="TestSuite" time="66.794" tests="6" errors="0" skipped="0" failures="2">
  <properties>
    <property name="java.specification.version" value="15"/>
    <property name="sun.jnu.encoding" value="UTF-8"/>
    <property name="java.class.path" value="/Users/Arvind/Desktop/projects/browserstack-examples-aa-cucumber-testng/target/test-classes:/Users/Arvind/Desktop/projects/browserstack-examples-aa-cucumber-testng/target/classes:/Users/Arvind/.m2/repository/org/seleniumhq/selenium/selenium-java/3.141.59/selenium-java-3.141.59.jar:/Users/Arvind/.m2/repository/org/seleniumhq/selenium/selenium-api/3.141.59/selenium-api-3.141.59.jar:/Users/Arvind/.m2/repository/org/seleniumhq/selenium/selenium-chrome-driver/3.141.59/selenium-chrome-driver-3.141.59.jar:/Users/Arvind/.m2/repository/org/seleniumhq/selenium/selenium-edge-driver/3.141.59/selenium-edge-driver-3.141.59.jar:/Users/Arvind/.m2/repository/org/seleniumhq/selenium/selenium-firefox-driver/3.141.59/selenium-firefox-driver-3.141.59.jar:/Users/Arvind/.m2/repository/org/seleniumhq/selenium/selenium-ie-driver/3.141.59/selenium-ie-driver-3.141.59.jar:/Users/Arvind/.m2/repository/org/seleniumhq/selenium/selenium-opera-driver/3.141.59/selenium-opera-driver-3.141.59.jar:/Users/Arvind/.m2/repository/org/seleniumhq/selenium/selenium-remote-driver/3.141.59/selenium-remote-driver-3.141.59.jar:/Users/Arvind/.m2/repository/org/seleniumhq/selenium/selenium-safari-driver/3.141.59/selenium-safari-driver-3.141.59.jar:/Users/Arvind/.m2/repository/org/seleniumhq/selenium/selenium-support/3.141.59/selenium-support-3.141.59.jar:/Users/Arvind/.m2/repository/net/bytebuddy/byte-buddy/1.8.15/byte-buddy-1.8.15.jar:/Users/Arvind/.m2/repository/org/apache/commons/commons-exec/1.3/commons-exec-1.3.jar:/Users/Arvind/.m2/repository/com/google/guava/guava/25.0-jre/guava-25.0-jre.jar:/Users/Arvind/.m2/repository/com/google/code/findbugs/jsr305/1.3.9/jsr305-1.3.9.jar:/Users/Arvind/.m2/repository/org/checkerframework/checker-compat-qual/2.0.0/checker-compat-qual-2.0.0.jar:/Users/Arvind/.m2/repository/com/google/errorprone/error_prone_annotations/2.1.3/error_prone_annotations-2.1.3.jar:/Users/Arvind/.m2/repository/com/google/j2objc/j2objc-annotations/1.1/j2objc-annotations-1.1.jar:/Users/Arvind/.m2/repository/org/codehaus/mojo/animal-sniffer-annotations/1.14/animal-sniffer-annotations-1.14.jar:/Users/Arvind/.m2/repository/com/squareup/okhttp3/okhttp/3.11.0/okhttp-3.11.0.jar:/Users/Arvind/.m2/repository/com/squareup/okio/okio/1.14.0/okio-1.14.0.jar:/Users/Arvind/.m2/repository/com/browserstack/browserstack-local-java/1.0.6/browserstack-local-java-1.0.6.jar:/Users/Arvind/.m2/repository/commons-io/commons-io/1.3.2/commons-io-1.3.2.jar:/Users/Arvind/.m2/repository/org/json/json/20160212/json-20160212.jar:/Users/Arvind/Desktop/projects/browserstack-examples-aa-cucumber-testng/lib/webdriver-framework-testng-1.0.0-SNAPSHOT.jar:/Users/Arvind/Desktop/projects/browserstack-examples-aa-cucumber-testng/lib/webdriver-framework-core-1.0.0-SNAPSHOT.jar:/Users/Arvind/.m2/repository/org/apache/commons/commons-lang3/3.11/commons-lang3-3.11.jar:/Users/Arvind/.m2/repository/org/slf4j/slf4j-api/1.7.30/slf4j-api-1.7.30.jar:/Users/Arvind/.m2/repository/ch/qos/logback/logback-classic/1.2.3/logback-classic-1.2.3.jar:/Users/Arvind/.m2/repository/ch/qos/logback/logback-core/1.2.3/logback-core-1.2.3.jar:/Users/Arvind/.m2/repository/org/testng/testng/7.4.0/testng-7.4.0.jar:/Users/Arvind/.m2/repository/com/beust/jcommander/1.78/jcommander-1.78.jar:/Users/Arvind/.m2/repository/org/webjars/jquery/3.5.1/jquery-3.5.1.jar:/Users/Arvind/.m2/repository/io/cucumber/cucumber-java/6.10.4/cucumber-java-6.10.4.jar:/Users/Arvind/.m2/repository/org/apiguardian/apiguardian-api/1.1.1/apiguardian-api-1.1.1.jar:/Users/Arvind/.m2/repository/io/cucumber/cucumber-core/6.10.4/cucumber-core-6.10.4.jar:/Users/Arvind/.m2/repository/io/cucumber/cucumber-gherkin/6.10.4/cucumber-gherkin-6.10.4.jar:/Users/Arvind/.m2/repository/io/cucumber/cucumber-gherkin-messages/6.10.4/cucumber-gherkin-messages-6.10.4.jar:/Users/Arvind/.m2/repository/io/cucumber/messages/15.0.0/messages-15.0.0.jar:/Users/Arvind/.m2/repository/io/cucumber/tag-expressions/3.0.1/tag-expressions-3.0.1.jar:/Users/Arvind/.m2/repository/io/cucumber/cucumber-expressions/10.3.0/cucumber-expressions-10.3.0.jar:/Users/Arvind/.m2/repository/io/cucumber/datatable/3.5.0/datatable-3.5.0.jar:/Users/Arvind/.m2/repository/io/cucumber/cucumber-plugin/6.10.4/cucumber-plugin-6.10.4.jar:/Users/Arvind/.m2/repository/io/cucumber/docstring/6.10.4/docstring-6.10.4.jar:/Users/Arvind/.m2/repository/io/cucumber/html-formatter/13.0.0/html-formatter-13.0.0.jar:/Users/Arvind/.m2/repository/io/cucumber/create-meta/4.0.0/create-meta-4.0.0.jar:/Users/Arvind/.m2/repository/io/cucumber/cucumber-picocontainer/6.10.4/cucumber-picocontainer-6.10.4.jar:/Users/Arvind/.m2/repository/org/picocontainer/picocontainer/2.15/picocontainer-2.15.jar:/Users/Arvind/.m2/repository/io/cucumber/cucumber-testng/6.10.4/cucumber-testng-6.10.4.jar:/Users/Arvind/.m2/repository/io/appium/java-client/7.5.1/java-client-7.5.1.jar:/Users/Arvind/.m2/repository/com/google/code/gson/gson/2.8.6/gson-2.8.6.jar:/Users/Arvind/.m2/repository/org/apache/httpcomponents/httpclient/4.5.13/httpclient-4.5.13.jar:/Users/Arvind/.m2/repository/org/apache/httpcomponents/httpcore/4.4.13/httpcore-4.4.13.jar:/Users/Arvind/.m2/repository/commons-logging/commons-logging/1.2/commons-logging-1.2.jar:/Users/Arvind/.m2/repository/commons-codec/commons-codec/1.11/commons-codec-1.11.jar:/Users/Arvind/.m2/repository/cglib/cglib/3.3.0/cglib-3.3.0.jar:/Users/Arvind/.m2/repository/org/ow2/asm/asm/7.1/asm-7.1.jar:/Users/Arvind/.m2/repository/commons-validator/commons-validator/1.7/commons-validator-1.7.jar:/Users/Arvind/.m2/repository/commons-beanutils/commons-beanutils/1.9.4/commons-beanutils-1.9.4.jar:/Users/Arvind/.m2/repository/commons-digester/commons-digester/2.1/commons-digester-2.1.jar:/Users/Arvind/.m2/repository/commons-collections/commons-collections/3.2.2/commons-collections-3.2.2.jar:/Users/Arvind/.m2/repository/org/springframework/spring-context/5.3.4/spring-context-5.3.4.jar:/Users/Arvind/.m2/repository/org/springframework/spring-aop/5.3.4/spring-aop-5.3.4.jar:/Users/Arvind/.m2/repository/org/springframework/spring-beans/5.3.4/spring-beans-5.3.4.jar:/Users/Arvind/.m2/repository/org/springframework/spring-core/5.3.4/spring-core-5.3.4.jar:/Users/Arvind/.m2/repository/org/springframework/spring-jcl/5.3.4/spring-jcl-5.3.4.jar:/Users/Arvind/.m2/repository/org/springframework/spring-expression/5.3.4/spring-expression-5.3.4.jar:/Users/Arvind/.m2/repository/org/aspectj/aspectjweaver/1.9.6/aspectjweaver-1.9.6.jar:"/>
    <property name="java.vm.vendor" value="Oracle Corporation"/>
    <property name="sun.arch.data.model" value="64"/>
    <property name="java.vendor.url" value="https://openjdk.java.net/"/>
    <property name="user.timezone" value="Asia/Kolkata"/>
    <property name="os.name" value="Mac OS X"/>
    <property name="java.vm.specification.version" value="15"/>
    <property name="sun.java.launcher" value="SUN_STANDARD"/>
    <property name="user.country" value="GB"/>
    <property name="sun.boot.library.path" value="/usr/local/Cellar/openjdk/15.0.1/libexec/openjdk.jdk/Contents/Home/lib"/>
    <property name="sun.java.command" value="/Users/Arvind/Desktop/projects/browserstack-examples-aa-cucumber-testng/target/surefire/surefirebooter12610652107765489055.jar /Users/Arvind/Desktop/projects/browserstack-examples-aa-cucumber-testng/target/surefire 2021-11-19T14-33-31_225-jvmRun1 surefire14272119615110669281tmp surefire_017857904579625935554tmp"/>
    <property name="http.nonProxyHosts" value="local|*.local|169.254/16|*.169.254/16"/>
    <property name="jdk.debug" value="release"/>
    <property name="surefire.test.class.path" value="/Users/Arvind/Desktop/projects/browserstack-examples-aa-cucumber-testng/target/test-classes:/Users/Arvind/Desktop/projects/browserstack-examples-aa-cucumber-testng/target/classes:/Users/Arvind/.m2/repository/org/seleniumhq/selenium/selenium-java/3.141.59/selenium-java-3.141.59.jar:/Users/Arvind/.m2/repository/org/seleniumhq/selenium/selenium-api/3.141.59/selenium-api-3.141.59.jar:/Users/Arvind/.m2/repository/org/seleniumhq/selenium/selenium-chrome-driver/3.141.59/selenium-chrome-driver-3.141.59.jar:/Users/Arvind/.m2/repository/org/seleniumhq/selenium/selenium-edge-driver/3.141.59/selenium-edge-driver-3.141.59.jar:/Users/Arvind/.m2/repository/org/seleniumhq/selenium/selenium-firefox-driver/3.141.59/selenium-firefox-driver-3.141.59.jar:/Users/Arvind/.m2/repository/org/seleniumhq/selenium/selenium-ie-driver/3.141.59/selenium-ie-driver-3.141.59.jar:/Users/Arvind/.m2/repository/org/seleniumhq/selenium/selenium-opera-driver/3.141.59/selenium-opera-driver-3.141.59.jar:/Users/Arvind/.m2/repository/org/seleniumhq/selenium/selenium-remote-driver/3.141.59/selenium-remote-driver-3.141.59.jar:/Users/Arvind/.m2/repository/org/seleniumhq/selenium/selenium-safari-driver/3.141.59/selenium-safari-driver-3.141.59.jar:/Users/Arvind/.m2/repository/org/seleniumhq/selenium/selenium-support/3.141.59/selenium-support-3.141.59.jar:/Users/Arvind/.m2/repository/net/bytebuddy/byte-buddy/1.8.15/byte-buddy-1.8.15.jar:/Users/Arvind/.m2/repository/org/apache/commons/commons-exec/1.3/commons-exec-1.3.jar:/Users/Arvind/.m2/repository/com/google/guava/guava/25.0-jre/guava-25.0-jre.jar:/Users/Arvind/.m2/repository/com/google/code/findbugs/jsr305/1.3.9/jsr305-1.3.9.jar:/Users/Arvind/.m2/repository/org/checkerframework/checker-compat-qual/2.0.0/checker-compat-qual-2.0.0.jar:/Users/Arvind/.m2/repository/com/google/errorprone/error_prone_annotations/2.1.3/error_prone_annotations-2.1.3.jar:/Users/Arvind/.m2/repository/com/google/j2objc/j2objc-annotations/1.1/j2objc-annotations-1.1.jar:/Users/Arvind/.m2/repository/org/codehaus/mojo/animal-sniffer-annotations/1.14/animal-sniffer-annotations-1.14.jar:/Users/Arvind/.m2/repository/com/squareup/okhttp3/okhttp/3.11.0/okhttp-3.11.0.jar:/Users/Arvind/.m2/repository/com/squareup/okio/okio/1.14.0/okio-1.14.0.jar:/Users/Arvind/.m2/repository/com/browserstack/browserstack-local-java/1.0.6/browserstack-local-java-1.0.6.jar:/Users/Arvind/.m2/repository/commons-io/commons-io/1.3.2/commons-io-1.3.2.jar:/Users/Arvind/.m2/repository/org/json/json/20160212/json-20160212.jar:/Users/Arvind/Desktop/projects/browserstack-examples-aa-cucumber-testng/lib/webdriver-framework-testng-1.0.0-SNAPSHOT.jar:/Users/Arvind/Desktop/projects/browserstack-examples-aa-cucumber-testng/lib/webdriver-framework-core-1.0.0-SNAPSHOT.jar:/Users/Arvind/.m2/repository/org/apache/commons/commons-lang3/3.11/commons-lang3-3.11.jar:/Users/Arvind/.m2/repository/org/slf4j/slf4j-api/1.7.30/slf4j-api-1.7.30.jar:/Users/Arvind/.m2/repository/ch/qos/logback/logback-classic/1.2.3/logback-classic-1.2.3.jar:/Users/Arvind/.m2/repository/ch/qos/logback/logback-core/1.2.3/logback-core-1.2.3.jar:/Users/Arvind/.m2/repository/org/testng/testng/7.4.0/testng-7.4.0.jar:/Users/Arvind/.m2/repository/com/beust/jcommander/1.78/jcommander-1.78.jar:/Users/Arvind/.m2/repository/org/webjars/jquery/3.5.1/jquery-3.5.1.jar:/Users/Arvind/.m2/repository/io/cucumber/cucumber-java/6.10.4/cucumber-java-6.10.4.jar:/Users/Arvind/.m2/repository/org/apiguardian/apiguardian-api/1.1.1/apiguardian-api-1.1.1.jar:/Users/Arvind/.m2/repository/io/cucumber/cucumber-core/6.10.4/cucumber-core-6.10.4.jar:/Users/Arvind/.m2/repository/io/cucumber/cucumber-gherkin/6.10.4/cucumber-gherkin-6.10.4.jar:/Users/Arvind/.m2/repository/io/cucumber/cucumber-gherkin-messages/6.10.4/cucumber-gherkin-messages-6.10.4.jar:/Users/Arvind/.m2/repository/io/cucumber/messages/15.0.0/messages-15.0.0.jar:/Users/Arvind/.m2/repository/io/cucumber/tag-expressions/3.0.1/tag-expressions-3.0.1.jar:/Users/Arvind/.m2/repository/io/cucumber/cucumber-expressions/10.3.0/cucumber-expressions-10.3.0.jar:/Users/Arvind/.m2/repository/io/cucumber/datatable/3.5.0/datatable-3.5.0.jar:/Users/Arvind/.m2/repository/io/cucumber/cucumber-plugin/6.10.4/cucumber-plugin-6.10.4.jar:/Users/Arvind/.m2/repository/io/cucumber/docstring/6.10.4/docstring-6.10.4.jar:/Users/Arvind/.m2/repository/io/cucumber/html-formatter/13.0.0/html-formatter-13.0.0.jar:/Users/Arvind/.m2/repository/io/cucumber/create-meta/4.0.0/create-meta-4.0.0.jar:/Users/Arvind/.m2/repository/io/cucumber/cucumber-picocontainer/6.10.4/cucumber-picocontainer-6.10.4.jar:/Users/Arvind/.m2/repository/org/picocontainer/picocontainer/2.15/picocontainer-2.15.jar:/Users/Arvind/.m2/repository/io/cucumber/cucumber-testng/6.10.4/cucumber-testng-6.10.4.jar:/Users/Arvind/.m2/repository/io/appium/java-client/7.5.1/java-client-7.5.1.jar:/Users/Arvind/.m2/repository/com/google/code/gson/gson/2.8.6/gson-2.8.6.jar:/Users/Arvind/.m2/repository/org/apache/httpcomponents/httpclient/4.5.13/httpclient-4.5.13.jar:/Users/Arvind/.m2/repository/org/apache/httpcomponents/httpcore/4.4.13/httpcore-4.4.13.jar:/Users/Arvind/.m2/repository/commons-logging/commons-logging/1.2/commons-logging-1.2.jar:/Users/Arvind/.m2/repository/commons-codec/commons-codec/1.11/commons-codec-1.11.jar:/Users/Arvind/.m2/repository/cglib/cglib/3.3.0/cglib-3.3.0.jar:/Users/Arvind/.m2/repository/org/ow2/asm/asm/7.1/asm-7.1.jar:/Users/Arvind/.m2/repository/commons-validator/commons-validator/1.7/commons-validator-1.7.jar:/Users/Arvind/.m2/repository/commons-beanutils/commons-beanutils/1.9.4/commons-beanutils-1.9.4.jar:/Users/Arvind/.m2/repository/commons-digester/commons-digester/2.1/commons-digester-2.1.jar:/Users/Arvind/.m2/repository/commons-collections/commons-collections/3.2.2/commons-collections-3.2.2.jar:/Users/Arvind/.m2/repository/org/springframework/spring-context/5.3.4/spring-context-5.3.4.jar:/Users/Arvind/.m2/repository/org/springframework/spring-aop/5.3.4/spring-aop-5.3.4.jar:/Users/Arvind/.m2/repository/org/springframework/spring-beans/5.3.4/spring-beans-5.3.4.jar:/Users/Arvind/.m2/repository/org/springframework/spring-core/5.3.4/spring-core-5.3.4.jar:/Users/Arvind/.m2/repository/org/springframework/spring-jcl/5.3.4/spring-jcl-5.3.4.jar:/Users/Arvind/.m2/repository/org/springframework/spring-expression/5.3.4/spring-expression-5.3.4.jar:/Users/Arvind/.m2/repository/org/aspectj/aspectjweaver/1.9.6/aspectjweaver-1.9.6.jar:"/>
    <property name="sun.cpu.endian" value="little"/>
    <property name="user.home" value="/Users/Arvind"/>
    <property name="user.language" value="en"/>
    <property name="java.specification.vendor" value="Oracle Corporation"/>
    <property name="java.version.date" value="2020-10-20"/>
    <property name="java.home" value="/usr/local/Cellar/openjdk/15.0.1/libexec/openjdk.jdk/Contents/Home"/>
    <property name="file.separator" value="/"/>
    <property name="basedir" value="/Users/Arvind/Desktop/projects/browserstack-examples-aa-cucumber-testng"/>
    <property name="java.vm.compressedOopsMode" value="Zero based"/>
    <property name="line.separator" value="&#10;"/>
    <property name="java.specification.name" value="Java Platform API Specification"/>
    <property name="java.vm.specification.vendor" value="Oracle Corporation"/>
    <property name="surefire.real.class.path" value="/Users/Arvind/Desktop/projects/browserstack-examples-aa-cucumber-testng/target/surefire/surefirebooter12610652107765489055.jar"/>
    <property name="sun.management.compiler" value="HotSpot 64-Bit Tiered Compilers"/>
    <property name="ftp.nonProxyHosts" value="local|*.local|169.254/16|*.169.254/16"/>
    <property name="java.runtime.version" value="15.0.1+9"/>
    <property name="user.name" value="Arvind"/>
    <property name="path.separator" value=":"/>
    <property name="os.version" value="12.0.1"/>
    <property name="java.runtime.name" value="OpenJDK Runtime Environment"/>
    <property name="file.encoding" value="UTF-8"/>
    <property name="java.vm.name" value="OpenJDK 64-Bit Server VM"/>
    <property name="localRepository" value="/Users/Arvind/.m2/repository"/>
    <property name="java.vendor.url.bug" value="https://bugreport.java.com/bugreport/"/>
    <property name="java.io.tmpdir" value="/var/folders/3h/mpkng2xd4vsd43_8rw6_h3v80000gq/T/"/>
    <property name="java.version" value="15.0.1"/>
    <property name="user.dir" value="/Users/Arvind/Desktop/projects/browserstack-examples-aa-cucumber-testng"/>
    <property name="os.arch" value="x86_64"/>
    <property name="java.vm.specification.name" value="Java Virtual Machine Specification"/>
    <property name="java.library.path" value="/Users/Arvind/Library/Java/Extensions:/Library/Java/Extensions:/Network/Library/Java/Extensions:/System/Library/Java/Extensions:/usr/lib/java:."/>
    <property name="java.vm.info" value="mixed mode, sharing"/>
    <property name="java.vendor" value="N/A"/>
    <property name="java.vm.version" value="15.0.1+9"/>
    <property name="sun.io.unicode.encoding" value="UnicodeBig"/>
    <property name="socksNonProxyHosts" value="local|*.local|169.254/16|*.169.254/16"/>
    <property name="java.class.version" value="59.0"/>
  </properties>
  <testcase name="feature[&quot;Enter text to be displayed&quot;, &quot;Optional[BrowserStack Echo Feature]&quot;, com.browserstack.webdriver.testng.ManagedWebDriver@65cd8c0b](1)" classname="com.browserstack.examples.tests.RunAppiumCucumberTests" time="28.634">
    <system-out><![CDATA[14:33:32.928 [TestNG-test=Cucumber Tests-1] DEBUG com.browserstack.webdriver.core.WebDriverFactory - Using capabilities configuration from FILE :: capabilities.yml
14:33:33.120 [TestNG-test=Cucumber Tests-1] DEBUG com.browserstack.webdriver.core.WebDriverFactory - Running tests on 2 active platforms.
14:33:33.413 [TestNG-PoolService-2] DEBUG com.browserstack.webdriver.core.WebDriverFactory - Initialising RemoteAppiumDriver with capabilities : Capabilities {app: bs://d2f69d525062af7e3d8346..., browserstack.appium_version: 1.21.0, browserstack.console: debug, browserstack.debug: true, browserstack.key: JNzsLXukmxpiaaCsBhSx, browserstack.networkLogs: true, browserstack.user: arvindr1, build: browserstack-examples-aa-cu..., device: iPhone 12, name: Enter text to be displayed ..., os_version: 14, project: BrowserStack Demo Repository}
14:33:33.413 [TestNG-PoolService-4] DEBUG com.browserstack.webdriver.core.WebDriverFactory - Initialising RemoteAppiumDriver with capabilities : Capabilities {app: bs://d2f69d525062af7e3d8346..., browserstack.appium_version: 1.21.0, browserstack.console: debug, browserstack.debug: true, browserstack.key: JNzsLXukmxpiaaCsBhSx, browserstack.networkLogs: true, browserstack.user: arvindr1, build: browserstack-examples-aa-cu..., device: iPhone 12, name: Login with valid username a..., os_version: 14, project: BrowserStack Demo Repository}
14:33:33.413 [TestNG-PoolService-1] DEBUG com.browserstack.webdriver.core.WebDriverFactory - Initialising RemoteAppiumDriver with capabilities : Capabilities {app: TheAppAndroid, browserstack.appium_version: 1.21.0, browserstack.console: debug, browserstack.debug: true, browserstack.key: JNzsLXukmxpiaaCsBhSx, browserstack.networkLogs: true, browserstack.user: arvindr1, build: browserstack-examples-aa-cu..., device: Google Pixel 4, name: Enter text to be displayed, os_version: 11, project: BrowserStack Demo Repository}
14:33:33.413 [TestNG-PoolService-5] DEBUG com.browserstack.webdriver.core.WebDriverFactory - Initialising RemoteAppiumDriver with capabilities : Capabilities {app: TheAppAndroid, browserstack.appium_version: 1.21.0, browserstack.console: debug, browserstack.debug: true, browserstack.key: JNzsLXukmxpiaaCsBhSx, browserstack.networkLogs: true, browserstack.user: arvindr1, build: browserstack-examples-aa-cu..., device: Google Pixel 4, name: Login with valid username a..., os_version: 11, project: BrowserStack Demo Repository}
14:33:33.413 [TestNG-PoolService-0] DEBUG com.browserstack.webdriver.core.WebDriverFactory - Initialising RemoteAppiumDriver with capabilities : Capabilities {app: bs://d2f69d525062af7e3d8346..., browserstack.appium_version: 1.21.0, browserstack.console: debug, browserstack.debug: true, browserstack.key: JNzsLXukmxpiaaCsBhSx, browserstack.networkLogs: true, browserstack.user: arvindr1, build: browserstack-examples-aa-cu..., device: iPhone 12, name: Enter text to be displayed, os_version: 14, project: BrowserStack Demo Repository}
14:33:33.413 [TestNG-PoolService-3] DEBUG com.browserstack.webdriver.core.WebDriverFactory - Initialising RemoteAppiumDriver with capabilities : Capabilities {app: TheAppAndroid, browserstack.appium_version: 1.21.0, browserstack.console: debug, browserstack.debug: true, browserstack.key: JNzsLXukmxpiaaCsBhSx, browserstack.networkLogs: true, browserstack.user: arvindr1, build: browserstack-examples-aa-cu..., device: Google Pixel 4, name: Enter text to be displayed ..., os_version: 11, project: BrowserStack Demo Repository}
14:33:59.460 [TestNG-PoolService-0] DEBUG com.browserstack.webdriver.testng.listeners.WebDriverListener - Script to execute:: browserstack_executor: {"action":"setSessionStatus","arguments":{"status":"passed","reason":"Test Passed"}}
]]></system-out>
    <system-err><![CDATA[Nov 19, 2021 2:33:52 PM io.appium.java_client.remote.AppiumCommandExecutor$1 lambda$0
INFO: Detected dialect: OSS
Nov 19, 2021 2:33:53 PM io.appium.java_client.remote.AppiumCommandExecutor$1 lambda$0
INFO: Detected dialect: OSS
Nov 19, 2021 2:33:59 PM io.appium.java_client.remote.AppiumCommandExecutor$1 lambda$0
INFO: Detected dialect: OSS
Nov 19, 2021 2:34:00 PM io.appium.java_client.remote.AppiumCommandExecutor$1 lambda$0
INFO: Detected dialect: OSS
Nov 19, 2021 2:34:01 PM io.appium.java_client.remote.AppiumCommandExecutor$1 lambda$0
INFO: Detected dialect: OSS
]]></system-err>
  </testcase>
  <testcase name="feature[&quot;Login with valid username and password&quot;, &quot;Optional[Login Feature]&quot;, com.browserstack.webdriver.testng.ManagedWebDriver@2a290c93](2)" classname="com.browserstack.examples.tests.RunAppiumCucumberTests" time="30.766">
    <system-out><![CDATA[14:34:01.843 [TestNG-PoolService-4] DEBUG com.browserstack.webdriver.testng.listeners.WebDriverListener - Script to execute:: browserstack_executor: {"action":"setSessionStatus","arguments":{"status":"passed","reason":"Test Passed"}}
]]></system-out>
  </testcase>
  <testcase name="feature[&quot;Enter text to be displayed on screen and fail scenario&quot;, &quot;Optional[BrowserStack Echo Fail Feature]&quot;, com.browserstack.webdriver.testng.ManagedWebDriver@17d1c144](5)" classname="com.browserstack.examples.tests.RunAppiumCucumberTests" time="34.702">
    <failure message="expected [This is not a BrowserStack Echo] but found [This is BrowserStack Echo]" type="java.lang.AssertionError"><![CDATA[java.lang.AssertionError: expected [This is not a BrowserStack Echo] but found [This is BrowserStack Echo]
]]></failure>
    <system-out><![CDATA[14:34:05.743 [TestNG-PoolService-1] DEBUG com.browserstack.webdriver.testng.listeners.WebDriverListener - Script to execute:: browserstack_executor: {"action":"setSessionStatus","arguments":{"status":"passed","reason":"Test Passed"}}
14:34:05.833 [TestNG-PoolService-3] DEBUG com.browserstack.webdriver.testng.listeners.WebDriverListener - Script to execute:: browserstack_executor: {"action":"setSessionStatus","arguments":{"status":"failed","reason":"java.lang.AssertionError: expected [This is not a BrowserStack Echo] but found [This is BrowserStack Echo]"}}
14:34:07.423 [TestNG-PoolService-2] DEBUG com.browserstack.webdriver.testng.listeners.WebDriverListener - Script to execute:: browserstack_executor: {"action":"setSessionStatus","arguments":{"status":"failed","reason":"java.lang.AssertionError: expected [This is not a BrowserStack Echo] but found [This is BrowserStack Echo]"}}
]]></system-out>
  </testcase>
  <testcase name="feature[&quot;Enter text to be displayed&quot;, &quot;Optional[BrowserStack Echo Feature]&quot;, com.browserstack.webdriver.testng.ManagedWebDriver@3cc654a1](5)" classname="com.browserstack.examples.tests.RunAppiumCucumberTests" time="34.702"/>
  <testcase name="feature[&quot;Enter text to be displayed on screen and fail scenario&quot;, &quot;Optional[BrowserStack Echo Fail Feature]&quot;, com.browserstack.webdriver.testng.ManagedWebDriver@65be55ec](5)" classname="com.browserstack.examples.tests.RunAppiumCucumberTests" time="36.623">
    <failure message="expected [This is not a BrowserStack Echo] but found [This is BrowserStack Echo]" type="java.lang.AssertionError"><![CDATA[java.lang.AssertionError: expected [This is not a BrowserStack Echo] but found [This is BrowserStack Echo]
]]></failure>
  </testcase>
  <testcase name="feature[&quot;Login with valid username and password&quot;, &quot;Optional[Login Feature]&quot;, com.browserstack.webdriver.testng.ManagedWebDriver@26bb2275](6)" classname="com.browserstack.examples.tests.RunAppiumCucumberTests" time="65.12">
    <system-out><![CDATA[14:34:35.945 [TestNG-PoolService-5] DEBUG com.browserstack.webdriver.testng.listeners.WebDriverListener - Script to execute:: browserstack_executor: {"action":"setSessionStatus","arguments":{"status":"passed","reason":"Test Passed"}}
]]></system-out>
    <system-err><![CDATA[Nov 19, 2021 2:34:30 PM io.appium.java_client.remote.AppiumCommandExecutor$1 lambda$0
INFO: Detected dialect: OSS
]]></system-err>
  </testcase>
</testsuite>