<?xml version="1.0" encoding="UTF-8"?>
<testng-results ignored="0" total="6" passed="4" failed="2" skipped="0">
  <reporter-output>
  </reporter-output>
  <suite started-at="2021-11-19T14:33:32 IST" name="BDD Test Suite" finished-at="2021-11-19T14:34:38 IST" duration-ms="65682">
    <groups>
      <group name="cucumber">
        <method signature="RunAppiumCucumberTests.feature(io.cucumber.testng.PickleWrapper, io.cucumber.testng.FeatureWrapper, com.browserstack.webdriver.testng.ManagedWebDriver)[pri:0, instance:com.browserstack.examples.tests.RunAppiumCucumberTests@57af006c]" name="feature" class="com.browserstack.examples.tests.RunAppiumCucumberTests"/>
      </group> <!-- cucumber -->
    </groups>
    <test started-at="2021-11-19T14:33:32 IST" name="Cucumber Tests" finished-at="2021-11-19T14:34:38 IST" duration-ms="65682">
      <class name="com.browserstack.examples.tests.RunAppiumCucumberTests">
        <test-method is-config="true" signature="setUpClass()[pri:0, instance:com.browserstack.examples.tests.RunAppiumCucumberTests@57af006c]" started-at="2021-11-19T14:33:32 IST" name="setUpClass" finished-at="2021-11-19T14:33:32 IST" duration-ms="298" status="PASS">
          <reporter-output>
          </reporter-output>
        </test-method> <!-- setUpClass -->
        <test-method signature="feature(io.cucumber.testng.PickleWrapper, io.cucumber.testng.FeatureWrapper, com.browserstack.webdriver.testng.ManagedWebDriver)[pri:0, instance:com.browserstack.examples.tests.RunAppiumCucumberTests@57af006c]" started-at="2021-11-19T14:33:33 IST" name="feature" description="Runs Cucumber Feature" data-provider="scenarios" finished-at="2021-11-19T14:34:05 IST" duration-ms="32611" status="PASS">
          <params>
            <param index="0">
              <value>
                <![CDATA["Enter text to be displayed"]]>
              </value>
            </param>
            <param index="1">
              <value>
                <![CDATA["Optional[BrowserStack Echo Feature]"]]>
              </value>
            </param>
            <param index="2">
              <value>
                <![CDATA[com.browserstack.webdriver.testng.ManagedWebDriver@3cc654a1]]>
              </value>
            </param>
          </params>
          <reporter-output>
          </reporter-output>
        </test-method> <!-- feature -->
        <test-method signature="feature(io.cucumber.testng.PickleWrapper, io.cucumber.testng.FeatureWrapper, com.browserstack.webdriver.testng.ManagedWebDriver)[pri:0, instance:com.browserstack.examples.tests.RunAppiumCucumberTests@57af006c]" started-at="2021-11-19T14:33:33 IST" name="feature" description="Runs Cucumber Feature" data-provider="scenarios" finished-at="2021-11-19T14:33:59 IST" duration-ms="26319" status="PASS">
          <params>
            <param index="0">
              <value>
                <![CDATA["Enter text to be displayed"]]>
              </value>
            </param>
            <param index="1">
              <value>
                <![CDATA["Optional[BrowserStack Echo Feature]"]]>
              </value>
            </param>
            <param index="2">
              <value>
                <![CDATA[com.browserstack.webdriver.testng.ManagedWebDriver@65cd8c0b]]>
              </value>
            </param>
          </params>
          <reporter-output>
          </reporter-output>
        </test-method> <!-- feature -->
        <test-method signature="feature(io.cucumber.testng.PickleWrapper, io.cucumber.testng.FeatureWrapper, com.browserstack.webdriver.testng.ManagedWebDriver)[pri:0, instance:com.browserstack.examples.tests.RunAppiumCucumberTests@57af006c]" started-at="2021-11-19T14:33:33 IST" name="feature" description="Runs Cucumber Feature" data-provider="scenarios" finished-at="2021-11-19T14:34:07 IST" duration-ms="34291" status="FAIL">
          <params>
            <param index="0">
              <value>
                <![CDATA["Enter text to be displayed on screen and fail scenario"]]>
              </value>
            </param>
            <param index="1">
              <value>
                <![CDATA["Optional[BrowserStack Echo Fail Feature]"]]>
              </value>
            </param>
            <param index="2">
              <value>
                <![CDATA[com.browserstack.webdriver.testng.ManagedWebDriver@65be55ec]]>
              </value>
            </param>
          </params>
          <exception class="java.lang.AssertionError">
            <message>
              <![CDATA[expected [This is not a BrowserStack Echo] but found [This is BrowserStack Echo]]]>
            </message>
            <full-stacktrace>
              <![CDATA[java.lang.AssertionError: expected [This is not a BrowserStack Echo] but found [This is BrowserStack Echo]
at org.testng.Assert.fail(Assert.java:97)
at org.testng.Assert.assertEqualsImpl(Assert.java:136)
at org.testng.Assert.assertEquals(Assert.java:118)
at org.testng.Assert.assertEquals(Assert.java:575)
at org.testng.Assert.assertEquals(Assert.java:585)
at com.browserstack.examples.stepdefs.EchoPageSteps.echoShouldSucceed(EchoPageSteps.java:29)
at ✽.it should pass and show message as "This is not a BrowserStack Echo"(classpath:features/echoFail.feature:9)
]]>
            </full-stacktrace>
          </exception> <!-- java.lang.AssertionError -->
          <reporter-output>
          </reporter-output>
        </test-method> <!-- feature -->
        <test-method signature="feature(io.cucumber.testng.PickleWrapper, io.cucumber.testng.FeatureWrapper, com.browserstack.webdriver.testng.ManagedWebDriver)[pri:0, instance:com.browserstack.examples.tests.RunAppiumCucumberTests@57af006c]" started-at="2021-11-19T14:33:33 IST" name="feature" description="Runs Cucumber Feature" data-provider="scenarios" finished-at="2021-11-19T14:34:35 IST" duration-ms="62813" status="PASS">
          <params>
            <param index="0">
              <value>
                <![CDATA["Login with valid username and password"]]>
              </value>
            </param>
            <param index="1">
              <value>
                <![CDATA["Optional[Login Feature]"]]>
              </value>
            </param>
            <param index="2">
              <value>
                <![CDATA[com.browserstack.webdriver.testng.ManagedWebDriver@26bb2275]]>
              </value>
            </param>
          </params>
          <reporter-output>
          </reporter-output>
        </test-method> <!-- feature -->
        <test-method signature="feature(io.cucumber.testng.PickleWrapper, io.cucumber.testng.FeatureWrapper, com.browserstack.webdriver.testng.ManagedWebDriver)[pri:0, instance:com.browserstack.examples.tests.RunAppiumCucumberTests@57af006c]" started-at="2021-11-19T14:33:33 IST" name="feature" description="Runs Cucumber Feature" data-provider="scenarios" finished-at="2021-11-19T14:34:01 IST" duration-ms="28711" status="PASS">
          <params>
            <param index="0">
              <value>
                <![CDATA["Login with valid username and password"]]>
              </value>
            </param>
            <param index="1">
              <value>
                <![CDATA["Optional[Login Feature]"]]>
              </value>
            </param>
            <param index="2">
              <value>
                <![CDATA[com.browserstack.webdriver.testng.ManagedWebDriver@2a290c93]]>
              </value>
            </param>
          </params>
          <reporter-output>
          </reporter-output>
        </test-method> <!-- feature -->
        <test-method signature="feature(io.cucumber.testng.PickleWrapper, io.cucumber.testng.FeatureWrapper, com.browserstack.webdriver.testng.ManagedWebDriver)[pri:0, instance:com.browserstack.examples.tests.RunAppiumCucumberTests@57af006c]" started-at="2021-11-19T14:33:33 IST" name="feature" description="Runs Cucumber Feature" data-provider="scenarios" finished-at="2021-11-19T14:34:05 IST" duration-ms="32701" status="FAIL">
          <params>
            <param index="0">
              <value>
                <![CDATA["Enter text to be displayed on screen and fail scenario"]]>
              </value>
            </param>
            <param index="1">
              <value>
                <![CDATA["Optional[BrowserStack Echo Fail Feature]"]]>
              </value>
            </param>
            <param index="2">
              <value>
                <![CDATA[com.browserstack.webdriver.testng.ManagedWebDriver@17d1c144]]>
              </value>
            </param>
          </params>
          <exception class="java.lang.AssertionError">
            <message>
              <![CDATA[expected [This is not a BrowserStack Echo] but found [This is BrowserStack Echo]]]>
            </message>
            <full-stacktrace>
              <![CDATA[java.lang.AssertionError: expected [This is not a BrowserStack Echo] but found [This is BrowserStack Echo]
at org.testng.Assert.fail(Assert.java:97)
at org.testng.Assert.assertEqualsImpl(Assert.java:136)
at org.testng.Assert.assertEquals(Assert.java:118)
at org.testng.Assert.assertEquals(Assert.java:575)
at org.testng.Assert.assertEquals(Assert.java:585)
at com.browserstack.examples.stepdefs.EchoPageSteps.echoShouldSucceed(EchoPageSteps.java:29)
at ✽.it should pass and show message as "This is not a BrowserStack Echo"(classpath:features/echoFail.feature:9)
]]>
            </full-stacktrace>
          </exception> <!-- java.lang.AssertionError -->
          <reporter-output>
          </reporter-output>
        </test-method> <!-- feature -->
        <test-method is-config="true" signature="tearDownClass()[pri:0, instance:com.browserstack.examples.tests.RunAppiumCucumberTests@57af006c]" started-at="2021-11-19T14:34:38 IST" name="tearDownClass" finished-at="2021-11-19T14:34:38 IST" duration-ms="27" status="PASS">
          <reporter-output>
          </reporter-output>
        </test-method> <!-- tearDownClass -->
      </class> <!-- com.browserstack.examples.tests.RunAppiumCucumberTests -->
    </test> <!-- Cucumber Tests -->
  </suite> <!-- BDD Test Suite -->
</testng-results>
