<?xml version="1.0" encoding="UTF-8"?>
<!-- Generated by org.testng.reporters.JUnitReportReporter -->
<testsuite hostname="Arvind-Ramadurais-MacBook-Pro.local" failures="2" tests="6" name="com.browserstack.examples.tests.RunAppiumCucumberTests" time="217.446" errors="0" timestamp="2021-11-19T14:34:38 IST" skipped="0">
  <testcase classname="com.browserstack.examples.tests.RunAppiumCucumberTests" name="feature" time="32.611"/>
  <system-out/>
  <testcase classname="com.browserstack.examples.tests.RunAppiumCucumberTests" name="feature" time="26.319"/>
  <system-out/>
  <testcase classname="com.browserstack.examples.tests.RunAppiumCucumberTests" name="feature" time="34.291">
    <failure message="expected [This is not a BrowserStack Echo] but found [This is BrowserStack Echo]" type="java.lang.AssertionError">
      <![CDATA[java.lang.AssertionError: expected [This is not a BrowserStack Echo] but found [This is BrowserStack Echo]
at org.testng.Assert.fail(Assert.java:97)
at org.testng.Assert.assertEqualsImpl(Assert.java:136)
at org.testng.Assert.assertEquals(Assert.java:118)
at org.testng.Assert.assertEquals(Assert.java:575)
at org.testng.Assert.assertEquals(Assert.java:585)
at com.browserstack.examples.stepdefs.EchoPageSteps.echoShouldSucceed(EchoPageSteps.java:29)
at ✽.it should pass and show message as "This is not a BrowserStack Echo"(classpath:features/echoFail.feature:9)
]]>
    </failure>
  </testcase> <!-- feature -->
  <system-out/>
  <testcase classname="com.browserstack.examples.tests.RunAppiumCucumberTests" name="feature" time="62.813"/>
  <system-out/>
  <testcase classname="com.browserstack.examples.tests.RunAppiumCucumberTests" name="feature" time="28.711"/>
  <system-out/>
  <testcase classname="com.browserstack.examples.tests.RunAppiumCucumberTests" name="feature" time="32.701">
    <failure message="expected [This is not a BrowserStack Echo] but found [This is BrowserStack Echo]" type="java.lang.AssertionError">
      <![CDATA[java.lang.AssertionError: expected [This is not a BrowserStack Echo] but found [This is BrowserStack Echo]
at org.testng.Assert.fail(Assert.java:97)
at org.testng.Assert.assertEqualsImpl(Assert.java:136)
at org.testng.Assert.assertEquals(Assert.java:118)
at org.testng.Assert.assertEquals(Assert.java:575)
at org.testng.Assert.assertEquals(Assert.java:585)
at com.browserstack.examples.stepdefs.EchoPageSteps.echoShouldSucceed(EchoPageSteps.java:29)
at ✽.it should pass and show message as "This is not a BrowserStack Echo"(classpath:features/echoFail.feature:9)
]]>
    </failure>
  </testcase> <!-- feature -->
  <system-out/>
</testsuite> <!-- com.browserstack.examples.tests.RunAppiumCucumberTests -->
